The target system is: Emscripten - 1 - x86
The host system is: Linux - 6.8.0-87-generic - x86_64
The target system is: Emscripten - 1 - x86
The host system is: Linux - 6.8.0-87-generic - x86_64
The target system is: Emscripten - 1 - x86
The host system is: Linux - 6.8.0-87-generic - x86_64
The system is: Linux - 6.8.0-87-generic - x86_64
Compiling the C compiler identification source file "CMakeCCompilerId.c" succeeded.
Compiler: /home/jb469/Downloads/emsdk-main/upstream/emscripten/emcc 
Build flags: 
Id flags:  

The output was:
0
clang: warning: future releases of the clang compiler will prefer GCC installations containing libstdc++ include directories; '/usr/lib/gcc/x86_64-linux-gnu/11' would be chosen over '/usr/lib/gcc/x86_64-linux-gnu/12' [-Wgcc-install-dir-libstdcxx]


Compilation of the C compiler identification source "CMakeCCompilerId.c" produced "a.out.js"

Compilation of the C compiler identification source "CMakeCCompilerId.c" produced "a.out.wasm"

The C compiler identification is Clang, found in "/home/jb469/Documents/COMPX230-Interactive/wasm-toolchain-master/CMakeFiles/3.22.1/CompilerIdC/a.out.wasm"

Compiling the CXX compiler identification source file "CMakeCXXCompilerId.cpp" succeeded.
Compiler: /home/jb469/Downloads/emsdk-main/upstream/emscripten/em++ 
Build flags: 
Id flags:  

The output was:
0
clang: warning: future releases of the clang compiler will prefer GCC installations containing libstdc++ include directories; '/usr/lib/gcc/x86_64-linux-gnu/11' would be chosen over '/usr/lib/gcc/x86_64-linux-gnu/12' [-Wgcc-install-dir-libstdcxx]


Compilation of the CXX compiler identification source "CMakeCXXCompilerId.cpp" produced "a.out.js"

Compilation of the CXX compiler identification source "CMakeCXXCompilerId.cpp" produced "a.out.wasm"

The CXX compiler identification is Clang, found in "/home/jb469/Documents/COMPX230-Interactive/wasm-toolchain-master/CMakeFiles/3.22.1/CompilerIdCXX/a.out.wasm"

Detecting C compiler ABI info compiled with the following output:
Change Dir: /home/jb469/Documents/COMPX230-Interactive/wasm-toolchain-master/CMakeFiles/CMakeTmp

Run Build Command(s):/usr/bin/gmake -f Makefile cmTC_743e2/fast && gmake[1]: Entering directory '/home/jb469/Documents/COMPX230-Interactive/wasm-toolchain-master/CMakeFiles/CMakeTmp'
/usr/bin/gmake  -f CMakeFiles/cmTC_743e2.dir/build.make CMakeFiles/cmTC_743e2.dir/build
gmake[2]: Entering directory '/home/jb469/Documents/COMPX230-Interactive/wasm-toolchain-master/CMakeFiles/CMakeTmp'
Building C object CMakeFiles/cmTC_743e2.dir/CMakeCCompilerABI.c.o
/home/jb469/Downloads/emsdk-main/upstream/emscripten/emcc   -v -MD -MT CMakeFiles/cmTC_743e2.dir/CMakeCCompilerABI.c.o -MF CMakeFiles/cmTC_743e2.dir/CMakeCCompilerABI.c.o.d -o CMakeFiles/cmTC_743e2.dir/CMakeCCompilerABI.c.o -c /usr/share/cmake-3.22/Modules/CMakeCCompilerABI.c
 /home/jb469/Downloads/emsdk-main/upstream/bin/clang -target wasm32-unknown-emscripten -fignore-exceptions -mllvm -combiner-global-alias-analysis=false -mllvm -enable-emscripten-sjlj -mllvm -disable-lsr --sysroot=/home/jb469/Downloads/emsdk-main/upstream/emscripten/cache/sysroot -DEMSCRIPTEN -Xclang -iwithsysroot/include/fakesdl -Xclang -iwithsysroot/include/compat -v -MD -MT CMakeFiles/cmTC_743e2.dir/CMakeCCompilerABI.c.o -MF CMakeFiles/cmTC_743e2.dir/CMakeCCompilerABI.c.o.d -oCMakeFiles/cmTC_743e2.dir/CMakeCCompilerABI.c.o -c /usr/share/cmake-3.22/Modules/CMakeCCompilerABI.c
clang version 22.0.0git (https:/github.com/llvm/llvm-project d163988dd2833f28fbca8c144265108d25ae7bd2)
Target: wasm32-unknown-emscripten
Thread model: posix
InstalledDir: /home/jb469/Downloads/emsdk-main/upstream/bin
 (in-process)
 "/home/jb469/Downloads/emsdk-main/upstream/bin/clang-22" -cc1 -triple wasm32-unknown-emscripten -emit-obj -disable-free -clear-ast-before-backend -disable-llvm-verifier -discard-value-names -main-file-name CMakeCCompilerABI.c -mrelocation-model static -mframe-pointer=none -ffp-contract=on -fno-rounding-math -mconstructor-aliases -target-cpu generic -fvisibility=hidden -debugger-tuning=gdb -fdebug-compilation-dir=/home/jb469/Documents/COMPX230-Interactive/wasm-toolchain-master/CMakeFiles/CMakeTmp -v -fcoverage-compilation-dir=/home/jb469/Documents/COMPX230-Interactive/wasm-toolchain-master/CMakeFiles/CMakeTmp -resource-dir /home/jb469/Downloads/emsdk-main/upstream/lib/clang/22 -dependency-file CMakeFiles/cmTC_743e2.dir/CMakeCCompilerABI.c.o.d -MT CMakeFiles/cmTC_743e2.dir/CMakeCCompilerABI.c.o -sys-header-deps -D EMSCRIPTEN -isysroot /home/jb469/Downloads/emsdk-main/upstream/emscripten/cache/sysroot -internal-isystem /home/jb469/Downloads/emsdk-main/upstream/lib/clang/22/include -internal-isystem /home/jb469/Downloads/emsdk-main/upstream/emscripten/cache/sysroot/include/wasm32-emscripten -internal-isystem /home/jb469/Downloads/emsdk-main/upstream/emscripten/cache/sysroot/include -ferror-limit 19 -fgnuc-version=4.2.1 -fskip-odr-check-in-gmf -fignore-exceptions -iwithsysroot/include/fakesdl -iwithsysroot/include/compat -mllvm -combiner-global-alias-analysis=false -mllvm -enable-emscripten-sjlj -mllvm -disable-lsr -o CMakeFiles/cmTC_743e2.dir/CMakeCCompilerABI.c.o -x c /usr/share/cmake-3.22/Modules/CMakeCCompilerABI.c
clang -cc1 version 22.0.0git based upon LLVM 22.0.0git default target x86_64-unknown-linux-gnu
ignoring nonexistent directory "/home/jb469/Downloads/emsdk-main/upstream/emscripten/cache/sysroot/include/wasm32-emscripten"
#include "..." search starts here:
#include <...> search starts here:
 /home/jb469/Downloads/emsdk-main/upstream/emscripten/cache/sysroot/include/fakesdl
 /home/jb469/Downloads/emsdk-main/upstream/emscripten/cache/sysroot/include/compat
 /home/jb469/Downloads/emsdk-main/upstream/lib/clang/22/include
 /home/jb469/Downloads/emsdk-main/upstream/emscripten/cache/sysroot/include
End of search list.
Linking C executable cmTC_743e2
/usr/bin/cmake -E cmake_link_script CMakeFiles/cmTC_743e2.dir/link.txt --verbose=1
/home/jb469/Downloads/emsdk-main/upstream/emscripten/emcc  -v CMakeFiles/cmTC_743e2.dir/CMakeCCompilerABI.c.o -o cmTC_743e2 
 /home/jb469/Downloads/emsdk-main/upstream/bin/clang --version
clang: warning: future releases of the clang compiler will prefer GCC installations containing libstdc++ include directories; '/usr/lib/gcc/x86_64-linux-gnu/11' would be chosen over '/usr/lib/gcc/x86_64-linux-gnu/12' [-Wgcc-install-dir-libstdcxx]
 /home/jb469/Downloads/emsdk-main/upstream/bin/wasm-ld -o cmTC_743e2.wasm CMakeFiles/cmTC_743e2.dir/CMakeCCompilerABI.c.o -L/home/jb469/Downloads/emsdk-main/upstream/emscripten/cache/sysroot/lib/wasm32-emscripten -L/home/jb469/Downloads/emsdk-main/upstream/emscripten/src/lib -lGL-getprocaddr -lal -lhtml5 -lstubs-debug -lnoexit -lc-debug -ldlmalloc-debug -lcompiler_rt -lc++-debug-noexcept -lc++abi-debug-noexcept -lsockets -mllvm -combiner-global-alias-analysis=false -mllvm -enable-emscripten-sjlj -mllvm -disable-lsr /tmp/tmplqxrvglalibemscripten_js_symbols.so --strip-debug --export=emscripten_stack_get_end --export=emscripten_stack_get_free --export=emscripten_stack_get_base --export=emscripten_stack_get_current --export=emscripten_stack_init --export=_emscripten_stack_alloc --export=__wasm_call_ctors --export=_emscripten_stack_restore --export-if-defined=__start_em_asm --export-if-defined=__stop_em_asm --export-if-defined=__start_em_lib_deps --export-if-defined=__stop_em_lib_deps --export-if-defined=__start_em_js --export-if-defined=__stop_em_js --export-if-defined=main --export-if-defined=__main_argc_argv --export-if-defined=fflush --export-table -z stack-size=65536 --no-growable-memory --initial-heap=16777216 --no-entry --stack-first --table-base=1
 /home/jb469/Downloads/emsdk-main/upstream/bin/llvm-objcopy cmTC_743e2.wasm cmTC_743e2.wasm '--remove-section=.debug*' --remove-section=producers --remove-section=name
 /home/jb469/Downloads/emsdk-main/node/22.16.0_64bit/bin/node /home/jb469/Downloads/emsdk-main/upstream/emscripten/tools/compiler.mjs -
gmake[2]: Leaving directory '/home/jb469/Documents/COMPX230-Interactive/wasm-toolchain-master/CMakeFiles/CMakeTmp'
gmake[1]: Leaving directory '/home/jb469/Documents/COMPX230-Interactive/wasm-toolchain-master/CMakeFiles/CMakeTmp'



Parsed C implicit include dir info from above output: rv=done
  found start of include info
  found start of implicit include info
    add: [/home/jb469/Downloads/emsdk-main/upstream/emscripten/cache/sysroot/include/fakesdl]
    add: [/home/jb469/Downloads/emsdk-main/upstream/emscripten/cache/sysroot/include/compat]
    add: [/home/jb469/Downloads/emsdk-main/upstream/lib/clang/22/include]
    add: [/home/jb469/Downloads/emsdk-main/upstream/emscripten/cache/sysroot/include]
  end of search list found
  collapse include dir [/home/jb469/Downloads/emsdk-main/upstream/emscripten/cache/sysroot/include/fakesdl] ==> [/home/jb469/Downloads/emsdk-main/upstream/emscripten/cache/sysroot/include/fakesdl]
  collapse include dir [/home/jb469/Downloads/emsdk-main/upstream/emscripten/cache/sysroot/include/compat] ==> [/home/jb469/Downloads/emsdk-main/upstream/emscripten/cache/sysroot/include/compat]
  collapse include dir [/home/jb469/Downloads/emsdk-main/upstream/lib/clang/22/include] ==> [/home/jb469/Downloads/emsdk-main/upstream/lib/clang/22/include]
  collapse include dir [/home/jb469/Downloads/emsdk-main/upstream/emscripten/cache/sysroot/include] ==> [/home/jb469/Downloads/emsdk-main/upstream/emscripten/cache/sysroot/include]
  implicit include dirs: [/home/jb469/Downloads/emsdk-main/upstream/emscripten/cache/sysroot/include/fakesdl;/home/jb469/Downloads/emsdk-main/upstream/emscripten/cache/sysroot/include/compat;/home/jb469/Downloads/emsdk-main/upstream/lib/clang/22/include;/home/jb469/Downloads/emsdk-main/upstream/emscripten/cache/sysroot/include]


Parsed C implicit link information from above output:
  link line regex: [^( *|.*[/\])(ld|CMAKE_LINK_STARTFILE-NOTFOUND|([^/\]+-)?ld|collect2)[^/\]*( |$)]
  ignore line: [Change Dir: /home/jb469/Documents/COMPX230-Interactive/wasm-toolchain-master/CMakeFiles/CMakeTmp]
  ignore line: []
  ignore line: [Run Build Command(s):/usr/bin/gmake -f Makefile cmTC_743e2/fast && gmake[1]: Entering directory '/home/jb469/Documents/COMPX230-Interactive/wasm-toolchain-master/CMakeFiles/CMakeTmp']
  ignore line: [/usr/bin/gmake  -f CMakeFiles/cmTC_743e2.dir/build.make CMakeFiles/cmTC_743e2.dir/build]
  ignore line: [gmake[2]: Entering directory '/home/jb469/Documents/COMPX230-Interactive/wasm-toolchain-master/CMakeFiles/CMakeTmp']
  ignore line: [Building C object CMakeFiles/cmTC_743e2.dir/CMakeCCompilerABI.c.o]
  ignore line: [/home/jb469/Downloads/emsdk-main/upstream/emscripten/emcc   -v -MD -MT CMakeFiles/cmTC_743e2.dir/CMakeCCompilerABI.c.o -MF CMakeFiles/cmTC_743e2.dir/CMakeCCompilerABI.c.o.d -o CMakeFiles/cmTC_743e2.dir/CMakeCCompilerABI.c.o -c /usr/share/cmake-3.22/Modules/CMakeCCompilerABI.c]
  ignore line: [ /home/jb469/Downloads/emsdk-main/upstream/bin/clang -target wasm32-unknown-emscripten -fignore-exceptions -mllvm -combiner-global-alias-analysis=false -mllvm -enable-emscripten-sjlj -mllvm -disable-lsr --sysroot=/home/jb469/Downloads/emsdk-main/upstream/emscripten/cache/sysroot -DEMSCRIPTEN -Xclang -iwithsysroot/include/fakesdl -Xclang -iwithsysroot/include/compat -v -MD -MT CMakeFiles/cmTC_743e2.dir/CMakeCCompilerABI.c.o -MF CMakeFiles/cmTC_743e2.dir/CMakeCCompilerABI.c.o.d -oCMakeFiles/cmTC_743e2.dir/CMakeCCompilerABI.c.o -c /usr/share/cmake-3.22/Modules/CMakeCCompilerABI.c]
  ignore line: [clang version 22.0.0git (https:/github.com/llvm/llvm-project d163988dd2833f28fbca8c144265108d25ae7bd2)]
  ignore line: [Target: wasm32-unknown-emscripten]
  ignore line: [Thread model: posix]
  ignore line: [InstalledDir: /home/jb469/Downloads/emsdk-main/upstream/bin]
  ignore line: [ (in-process)]
  ignore line: [ "/home/jb469/Downloads/emsdk-main/upstream/bin/clang-22" -cc1 -triple wasm32-unknown-emscripten -emit-obj -disable-free -clear-ast-before-backend -disable-llvm-verifier -discard-value-names -main-file-name CMakeCCompilerABI.c -mrelocation-model static -mframe-pointer=none -ffp-contract=on -fno-rounding-math -mconstructor-aliases -target-cpu generic -fvisibility=hidden -debugger-tuning=gdb -fdebug-compilation-dir=/home/jb469/Documents/COMPX230-Interactive/wasm-toolchain-master/CMakeFiles/CMakeTmp -v -fcoverage-compilation-dir=/home/jb469/Documents/COMPX230-Interactive/wasm-toolchain-master/CMakeFiles/CMakeTmp -resource-dir /home/jb469/Downloads/emsdk-main/upstream/lib/clang/22 -dependency-file CMakeFiles/cmTC_743e2.dir/CMakeCCompilerABI.c.o.d -MT CMakeFiles/cmTC_743e2.dir/CMakeCCompilerABI.c.o -sys-header-deps -D EMSCRIPTEN -isysroot /home/jb469/Downloads/emsdk-main/upstream/emscripten/cache/sysroot -internal-isystem /home/jb469/Downloads/emsdk-main/upstream/lib/clang/22/include -internal-isystem /home/jb469/Downloads/emsdk-main/upstream/emscripten/cache/sysroot/include/wasm32-emscripten -internal-isystem /home/jb469/Downloads/emsdk-main/upstream/emscripten/cache/sysroot/include -ferror-limit 19 -fgnuc-version=4.2.1 -fskip-odr-check-in-gmf -fignore-exceptions -iwithsysroot/include/fakesdl -iwithsysroot/include/compat -mllvm -combiner-global-alias-analysis=false -mllvm -enable-emscripten-sjlj -mllvm -disable-lsr -o CMakeFiles/cmTC_743e2.dir/CMakeCCompilerABI.c.o -x c /usr/share/cmake-3.22/Modules/CMakeCCompilerABI.c]
  ignore line: [clang -cc1 version 22.0.0git based upon LLVM 22.0.0git default target x86_64-unknown-linux-gnu]
  ignore line: [ignoring nonexistent directory "/home/jb469/Downloads/emsdk-main/upstream/emscripten/cache/sysroot/include/wasm32-emscripten"]
  ignore line: [#include "..." search starts here:]
  ignore line: [#include <...> search starts here:]
  ignore line: [ /home/jb469/Downloads/emsdk-main/upstream/emscripten/cache/sysroot/include/fakesdl]
  ignore line: [ /home/jb469/Downloads/emsdk-main/upstream/emscripten/cache/sysroot/include/compat]
  ignore line: [ /home/jb469/Downloads/emsdk-main/upstream/lib/clang/22/include]
  ignore line: [ /home/jb469/Downloads/emsdk-main/upstream/emscripten/cache/sysroot/include]
  ignore line: [End of search list.]
  ignore line: [Linking C executable cmTC_743e2]
  ignore line: [/usr/bin/cmake -E cmake_link_script CMakeFiles/cmTC_743e2.dir/link.txt --verbose=1]
  ignore line: [/home/jb469/Downloads/emsdk-main/upstream/emscripten/emcc  -v CMakeFiles/cmTC_743e2.dir/CMakeCCompilerABI.c.o -o cmTC_743e2 ]
  ignore line: [ /home/jb469/Downloads/emsdk-main/upstream/bin/clang --version]
  ignore line: [clang: warning: future releases of the clang compiler will prefer GCC installations containing libstdc++ include directories]
  ignore line: [ '/usr/lib/gcc/x86_64-linux-gnu/11' would be chosen over '/usr/lib/gcc/x86_64-linux-gnu/12' [-Wgcc-install-dir-libstdcxx]]
  link line: [ /home/jb469/Downloads/emsdk-main/upstream/bin/wasm-ld -o cmTC_743e2.wasm CMakeFiles/cmTC_743e2.dir/CMakeCCompilerABI.c.o -L/home/jb469/Downloads/emsdk-main/upstream/emscripten/cache/sysroot/lib/wasm32-emscripten -L/home/jb469/Downloads/emsdk-main/upstream/emscripten/src/lib -lGL-getprocaddr -lal -lhtml5 -lstubs-debug -lnoexit -lc-debug -ldlmalloc-debug -lcompiler_rt -lc++-debug-noexcept -lc++abi-debug-noexcept -lsockets -mllvm -combiner-global-alias-analysis=false -mllvm -enable-emscripten-sjlj -mllvm -disable-lsr /tmp/tmplqxrvglalibemscripten_js_symbols.so --strip-debug --export=emscripten_stack_get_end --export=emscripten_stack_get_free --export=emscripten_stack_get_base --export=emscripten_stack_get_current --export=emscripten_stack_init --export=_emscripten_stack_alloc --export=__wasm_call_ctors --export=_emscripten_stack_restore --export-if-defined=__start_em_asm --export-if-defined=__stop_em_asm --export-if-defined=__start_em_lib_deps --export-if-defined=__stop_em_lib_deps --export-if-defined=__start_em_js --export-if-defined=__stop_em_js --export-if-defined=main --export-if-defined=__main_argc_argv --export-if-defined=fflush --export-table -z stack-size=65536 --no-growable-memory --initial-heap=16777216 --no-entry --stack-first --table-base=1]
    arg [/home/jb469/Downloads/emsdk-main/upstream/bin/wasm-ld] ==> ignore
    arg [-o] ==> ignore
    arg [cmTC_743e2.wasm] ==> ignore
    arg [CMakeFiles/cmTC_743e2.dir/CMakeCCompilerABI.c.o] ==> ignore
    arg [-L/home/jb469/Downloads/emsdk-main/upstream/emscripten/cache/sysroot/lib/wasm32-emscripten] ==> dir [/home/jb469/Downloads/emsdk-main/upstream/emscripten/cache/sysroot/lib/wasm32-emscripten]
    arg [-L/home/jb469/Downloads/emsdk-main/upstream/emscripten/src/lib] ==> dir [/home/jb469/Downloads/emsdk-main/upstream/emscripten/src/lib]
    arg [-lGL-getprocaddr] ==> lib [GL-getprocaddr]
    arg [-lal] ==> lib [al]
    arg [-lhtml5] ==> lib [html5]
    arg [-lstubs-debug] ==> lib [stubs-debug]
    arg [-lnoexit] ==> lib [noexit]
    arg [-lc-debug] ==> lib [c-debug]
    arg [-ldlmalloc-debug] ==> lib [dlmalloc-debug]
    arg [-lcompiler_rt] ==> lib [compiler_rt]
    arg [-lc++-debug-noexcept] ==> lib [c++-debug-noexcept]
    arg [-lc++abi-debug-noexcept] ==> lib [c++abi-debug-noexcept]
    arg [-lsockets] ==> lib [sockets]
    arg [-mllvm] ==> ignore
    arg [-combiner-global-alias-analysis=false] ==> ignore
    arg [-mllvm] ==> ignore
    arg [-enable-emscripten-sjlj] ==> ignore
    arg [-mllvm] ==> ignore
    arg [-disable-lsr] ==> ignore
    arg [/tmp/tmplqxrvglalibemscripten_js_symbols.so] ==> ignore
    arg [--strip-debug] ==> ignore
    arg [--export=emscripten_stack_get_end] ==> ignore
    arg [--export=emscripten_stack_get_free] ==> ignore
    arg [--export=emscripten_stack_get_base] ==> ignore
    arg [--export=emscripten_stack_get_current] ==> ignore
    arg [--export=emscripten_stack_init] ==> ignore
    arg [--export=_emscripten_stack_alloc] ==> ignore
    arg [--export=__wasm_call_ctors] ==> ignore
    arg [--export=_emscripten_stack_restore] ==> ignore
    arg [--export-if-defined=__start_em_asm] ==> ignore
    arg [--export-if-defined=__stop_em_asm] ==> ignore
    arg [--export-if-defined=__start_em_lib_deps] ==> ignore
    arg [--export-if-defined=__stop_em_lib_deps] ==> ignore
    arg [--export-if-defined=__start_em_js] ==> ignore
    arg [--export-if-defined=__stop_em_js] ==> ignore
    arg [--export-if-defined=main] ==> ignore
    arg [--export-if-defined=__main_argc_argv] ==> ignore
    arg [--export-if-defined=fflush] ==> ignore
    arg [--export-table] ==> ignore
    arg [-zstack-size=65536] ==> ignore
    arg [--no-growable-memory] ==> ignore
    arg [--initial-heap=16777216] ==> ignore
    arg [--no-entry] ==> ignore
    arg [--stack-first] ==> ignore
    arg [--table-base=1] ==> ignore
  collapse library dir [/home/jb469/Downloads/emsdk-main/upstream/emscripten/cache/sysroot/lib/wasm32-emscripten] ==> [/home/jb469/Downloads/emsdk-main/upstream/emscripten/cache/sysroot/lib/wasm32-emscripten]
  collapse library dir [/home/jb469/Downloads/emsdk-main/upstream/emscripten/src/lib] ==> [/home/jb469/Downloads/emsdk-main/upstream/emscripten/src/lib]
  implicit libs: [GL-getprocaddr;al;html5;stubs-debug;noexit;c-debug;dlmalloc-debug;compiler_rt;c++-debug-noexcept;c++abi-debug-noexcept;sockets]
  implicit objs: []
  implicit dirs: [/home/jb469/Downloads/emsdk-main/upstream/emscripten/cache/sysroot/lib/wasm32-emscripten;/home/jb469/Downloads/emsdk-main/upstream/emscripten/src/lib]
  implicit fwks: []


Detecting CXX compiler ABI info compiled with the following output:
Change Dir: /home/jb469/Documents/COMPX230-Interactive/wasm-toolchain-master/CMakeFiles/CMakeTmp

Run Build Command(s):/usr/bin/gmake -f Makefile cmTC_15016/fast && gmake[1]: Entering directory '/home/jb469/Documents/COMPX230-Interactive/wasm-toolchain-master/CMakeFiles/CMakeTmp'
/usr/bin/gmake  -f CMakeFiles/cmTC_15016.dir/build.make CMakeFiles/cmTC_15016.dir/build
gmake[2]: Entering directory '/home/jb469/Documents/COMPX230-Interactive/wasm-toolchain-master/CMakeFiles/CMakeTmp'
Building CXX object CMakeFiles/cmTC_15016.dir/CMakeCXXCompilerABI.cpp.o
/home/jb469/Downloads/emsdk-main/upstream/emscripten/em++   -v -MD -MT CMakeFiles/cmTC_15016.dir/CMakeCXXCompilerABI.cpp.o -MF CMakeFiles/cmTC_15016.dir/CMakeCXXCompilerABI.cpp.o.d -o CMakeFiles/cmTC_15016.dir/CMakeCXXCompilerABI.cpp.o -c /usr/share/cmake-3.22/Modules/CMakeCXXCompilerABI.cpp
 "/home/jb469/Downloads/emsdk-main/upstream/bin/clang++" -target wasm32-unknown-emscripten -fignore-exceptions -mllvm -combiner-global-alias-analysis=false -mllvm -enable-emscripten-sjlj -mllvm -disable-lsr --sysroot=/home/jb469/Downloads/emsdk-main/upstream/emscripten/cache/sysroot -DEMSCRIPTEN -Xclang -iwithsysroot/include/fakesdl -Xclang -iwithsysroot/include/compat -v -MD -MT CMakeFiles/cmTC_15016.dir/CMakeCXXCompilerABI.cpp.o -MF CMakeFiles/cmTC_15016.dir/CMakeCXXCompilerABI.cpp.o.d -oCMakeFiles/cmTC_15016.dir/CMakeCXXCompilerABI.cpp.o -c /usr/share/cmake-3.22/Modules/CMakeCXXCompilerABI.cpp
clang version 22.0.0git (https:/github.com/llvm/llvm-project d163988dd2833f28fbca8c144265108d25ae7bd2)
Target: wasm32-unknown-emscripten
Thread model: posix
InstalledDir: /home/jb469/Downloads/emsdk-main/upstream/bin
 (in-process)
 "/home/jb469/Downloads/emsdk-main/upstream/bin/clang-22" -cc1 -triple wasm32-unknown-emscripten -emit-obj -disable-free -clear-ast-before-backend -disable-llvm-verifier -discard-value-names -main-file-name CMakeCXXCompilerABI.cpp -mrelocation-model static -mframe-pointer=none -ffp-contract=on -fno-rounding-math -mconstructor-aliases -target-cpu generic -fvisibility=hidden -debugger-tuning=gdb -fdebug-compilation-dir=/home/jb469/Documents/COMPX230-Interactive/wasm-toolchain-master/CMakeFiles/CMakeTmp -v -fcoverage-compilation-dir=/home/jb469/Documents/COMPX230-Interactive/wasm-toolchain-master/CMakeFiles/CMakeTmp -resource-dir /home/jb469/Downloads/emsdk-main/upstream/lib/clang/22 -dependency-file CMakeFiles/cmTC_15016.dir/CMakeCXXCompilerABI.cpp.o.d -MT CMakeFiles/cmTC_15016.dir/CMakeCXXCompilerABI.cpp.o -sys-header-deps -D EMSCRIPTEN -isysroot /home/jb469/Downloads/emsdk-main/upstream/emscripten/cache/sysroot -internal-isystem /home/jb469/Downloads/emsdk-main/upstream/emscripten/cache/sysroot/include/wasm32-emscripten/c++/v1 -internal-isystem /home/jb469/Downloads/emsdk-main/upstream/emscripten/cache/sysroot/include/c++/v1 -internal-isystem /home/jb469/Downloads/emsdk-main/upstream/lib/clang/22/include -internal-isystem /home/jb469/Downloads/emsdk-main/upstream/emscripten/cache/sysroot/include/wasm32-emscripten -internal-isystem /home/jb469/Downloads/emsdk-main/upstream/emscripten/cache/sysroot/include -fdeprecated-macro -ferror-limit 19 -fgnuc-version=4.2.1 -fskip-odr-check-in-gmf -fcxx-exceptions -fignore-exceptions -fexceptions -iwithsysroot/include/fakesdl -iwithsysroot/include/compat -mllvm -combiner-global-alias-analysis=false -mllvm -enable-emscripten-sjlj -mllvm -disable-lsr -o CMakeFiles/cmTC_15016.dir/CMakeCXXCompilerABI.cpp.o -x c++ /usr/share/cmake-3.22/Modules/CMakeCXXCompilerABI.cpp
clang -cc1 version 22.0.0git based upon LLVM 22.0.0git default target x86_64-unknown-linux-gnu
ignoring nonexistent directory "/home/jb469/Downloads/emsdk-main/upstream/emscripten/cache/sysroot/include/wasm32-emscripten/c++/v1"
ignoring nonexistent directory "/home/jb469/Downloads/emsdk-main/upstream/emscripten/cache/sysroot/include/wasm32-emscripten"
#include "..." search starts here:
#include <...> search starts here:
 /home/jb469/Downloads/emsdk-main/upstream/emscripten/cache/sysroot/include/fakesdl
 /home/jb469/Downloads/emsdk-main/upstream/emscripten/cache/sysroot/include/compat
 /home/jb469/Downloads/emsdk-main/upstream/emscripten/cache/sysroot/include/c++/v1
 /home/jb469/Downloads/emsdk-main/upstream/lib/clang/22/include
 /home/jb469/Downloads/emsdk-main/upstream/emscripten/cache/sysroot/include
End of search list.
Linking CXX executable cmTC_15016
/usr/bin/cmake -E cmake_link_script CMakeFiles/cmTC_15016.dir/link.txt --verbose=1
/home/jb469/Downloads/emsdk-main/upstream/emscripten/em++  -v CMakeFiles/cmTC_15016.dir/CMakeCXXCompilerABI.cpp.o -o cmTC_15016 
 /home/jb469/Downloads/emsdk-main/upstream/bin/clang --version
clang: warning: future releases of the clang compiler will prefer GCC installations containing libstdc++ include directories; '/usr/lib/gcc/x86_64-linux-gnu/11' would be chosen over '/usr/lib/gcc/x86_64-linux-gnu/12' [-Wgcc-install-dir-libstdcxx]
 /home/jb469/Downloads/emsdk-main/upstream/bin/wasm-ld -o cmTC_15016.wasm CMakeFiles/cmTC_15016.dir/CMakeCXXCompilerABI.cpp.o -L/home/jb469/Downloads/emsdk-main/upstream/emscripten/cache/sysroot/lib/wasm32-emscripten -L/home/jb469/Downloads/emsdk-main/upstream/emscripten/src/lib -lGL-getprocaddr -lal -lhtml5 -lstubs-debug -lnoexit -lc-debug -ldlmalloc-debug -lcompiler_rt -lc++-debug-noexcept -lc++abi-debug-noexcept -lsockets -mllvm -combiner-global-alias-analysis=false -mllvm -enable-emscripten-sjlj -mllvm -disable-lsr /tmp/tmpow3kw7colibemscripten_js_symbols.so --strip-debug --export=emscripten_stack_get_end --export=emscripten_stack_get_free --export=emscripten_stack_get_base --export=emscripten_stack_get_current --export=emscripten_stack_init --export=_emscripten_stack_alloc --export=__wasm_call_ctors --export=_emscripten_stack_restore --export-if-defined=__start_em_asm --export-if-defined=__stop_em_asm --export-if-defined=__start_em_lib_deps --export-if-defined=__stop_em_lib_deps --export-if-defined=__start_em_js --export-if-defined=__stop_em_js --export-if-defined=main --export-if-defined=__main_argc_argv --export-if-defined=fflush --export-table -z stack-size=65536 --no-growable-memory --initial-heap=16777216 --no-entry --stack-first --table-base=1
 /home/jb469/Downloads/emsdk-main/upstream/bin/llvm-objcopy cmTC_15016.wasm cmTC_15016.wasm '--remove-section=.debug*' --remove-section=producers --remove-section=name
 /home/jb469/Downloads/emsdk-main/node/22.16.0_64bit/bin/node /home/jb469/Downloads/emsdk-main/upstream/emscripten/tools/compiler.mjs -
gmake[2]: Leaving directory '/home/jb469/Documents/COMPX230-Interactive/wasm-toolchain-master/CMakeFiles/CMakeTmp'
gmake[1]: Leaving directory '/home/jb469/Documents/COMPX230-Interactive/wasm-toolchain-master/CMakeFiles/CMakeTmp'



Parsed CXX implicit include dir info from above output: rv=done
  found start of include info
  found start of implicit include info
    add: [/home/jb469/Downloads/emsdk-main/upstream/emscripten/cache/sysroot/include/fakesdl]
    add: [/home/jb469/Downloads/emsdk-main/upstream/emscripten/cache/sysroot/include/compat]
    add: [/home/jb469/Downloads/emsdk-main/upstream/emscripten/cache/sysroot/include/c++/v1]
    add: [/home/jb469/Downloads/emsdk-main/upstream/lib/clang/22/include]
    add: [/home/jb469/Downloads/emsdk-main/upstream/emscripten/cache/sysroot/include]
  end of search list found
  collapse include dir [/home/jb469/Downloads/emsdk-main/upstream/emscripten/cache/sysroot/include/fakesdl] ==> [/home/jb469/Downloads/emsdk-main/upstream/emscripten/cache/sysroot/include/fakesdl]
  collapse include dir [/home/jb469/Downloads/emsdk-main/upstream/emscripten/cache/sysroot/include/compat] ==> [/home/jb469/Downloads/emsdk-main/upstream/emscripten/cache/sysroot/include/compat]
  collapse include dir [/home/jb469/Downloads/emsdk-main/upstream/emscripten/cache/sysroot/include/c++/v1] ==> [/home/jb469/Downloads/emsdk-main/upstream/emscripten/cache/sysroot/include/c++/v1]
  collapse include dir [/home/jb469/Downloads/emsdk-main/upstream/lib/clang/22/include] ==> [/home/jb469/Downloads/emsdk-main/upstream/lib/clang/22/include]
  collapse include dir [/home/jb469/Downloads/emsdk-main/upstream/emscripten/cache/sysroot/include] ==> [/home/jb469/Downloads/emsdk-main/upstream/emscripten/cache/sysroot/include]
  implicit include dirs: [/home/jb469/Downloads/emsdk-main/upstream/emscripten/cache/sysroot/include/fakesdl;/home/jb469/Downloads/emsdk-main/upstream/emscripten/cache/sysroot/include/compat;/home/jb469/Downloads/emsdk-main/upstream/emscripten/cache/sysroot/include/c++/v1;/home/jb469/Downloads/emsdk-main/upstream/lib/clang/22/include;/home/jb469/Downloads/emsdk-main/upstream/emscripten/cache/sysroot/include]


Parsed CXX implicit link information from above output:
  link line regex: [^( *|.*[/\])(ld|CMAKE_LINK_STARTFILE-NOTFOUND|([^/\]+-)?ld|collect2)[^/\]*( |$)]
  ignore line: [Change Dir: /home/jb469/Documents/COMPX230-Interactive/wasm-toolchain-master/CMakeFiles/CMakeTmp]
  ignore line: []
  ignore line: [Run Build Command(s):/usr/bin/gmake -f Makefile cmTC_15016/fast && gmake[1]: Entering directory '/home/jb469/Documents/COMPX230-Interactive/wasm-toolchain-master/CMakeFiles/CMakeTmp']
  ignore line: [/usr/bin/gmake  -f CMakeFiles/cmTC_15016.dir/build.make CMakeFiles/cmTC_15016.dir/build]
  ignore line: [gmake[2]: Entering directory '/home/jb469/Documents/COMPX230-Interactive/wasm-toolchain-master/CMakeFiles/CMakeTmp']
  ignore line: [Building CXX object CMakeFiles/cmTC_15016.dir/CMakeCXXCompilerABI.cpp.o]
  ignore line: [/home/jb469/Downloads/emsdk-main/upstream/emscripten/em++   -v -MD -MT CMakeFiles/cmTC_15016.dir/CMakeCXXCompilerABI.cpp.o -MF CMakeFiles/cmTC_15016.dir/CMakeCXXCompilerABI.cpp.o.d -o CMakeFiles/cmTC_15016.dir/CMakeCXXCompilerABI.cpp.o -c /usr/share/cmake-3.22/Modules/CMakeCXXCompilerABI.cpp]
  ignore line: [ "/home/jb469/Downloads/emsdk-main/upstream/bin/clang++" -target wasm32-unknown-emscripten -fignore-exceptions -mllvm -combiner-global-alias-analysis=false -mllvm -enable-emscripten-sjlj -mllvm -disable-lsr --sysroot=/home/jb469/Downloads/emsdk-main/upstream/emscripten/cache/sysroot -DEMSCRIPTEN -Xclang -iwithsysroot/include/fakesdl -Xclang -iwithsysroot/include/compat -v -MD -MT CMakeFiles/cmTC_15016.dir/CMakeCXXCompilerABI.cpp.o -MF CMakeFiles/cmTC_15016.dir/CMakeCXXCompilerABI.cpp.o.d -oCMakeFiles/cmTC_15016.dir/CMakeCXXCompilerABI.cpp.o -c /usr/share/cmake-3.22/Modules/CMakeCXXCompilerABI.cpp]
  ignore line: [clang version 22.0.0git (https:/github.com/llvm/llvm-project d163988dd2833f28fbca8c144265108d25ae7bd2)]
  ignore line: [Target: wasm32-unknown-emscripten]
  ignore line: [Thread model: posix]
  ignore line: [InstalledDir: /home/jb469/Downloads/emsdk-main/upstream/bin]
  ignore line: [ (in-process)]
  ignore line: [ "/home/jb469/Downloads/emsdk-main/upstream/bin/clang-22" -cc1 -triple wasm32-unknown-emscripten -emit-obj -disable-free -clear-ast-before-backend -disable-llvm-verifier -discard-value-names -main-file-name CMakeCXXCompilerABI.cpp -mrelocation-model static -mframe-pointer=none -ffp-contract=on -fno-rounding-math -mconstructor-aliases -target-cpu generic -fvisibility=hidden -debugger-tuning=gdb -fdebug-compilation-dir=/home/jb469/Documents/COMPX230-Interactive/wasm-toolchain-master/CMakeFiles/CMakeTmp -v -fcoverage-compilation-dir=/home/jb469/Documents/COMPX230-Interactive/wasm-toolchain-master/CMakeFiles/CMakeTmp -resource-dir /home/jb469/Downloads/emsdk-main/upstream/lib/clang/22 -dependency-file CMakeFiles/cmTC_15016.dir/CMakeCXXCompilerABI.cpp.o.d -MT CMakeFiles/cmTC_15016.dir/CMakeCXXCompilerABI.cpp.o -sys-header-deps -D EMSCRIPTEN -isysroot /home/jb469/Downloads/emsdk-main/upstream/emscripten/cache/sysroot -internal-isystem /home/jb469/Downloads/emsdk-main/upstream/emscripten/cache/sysroot/include/wasm32-emscripten/c++/v1 -internal-isystem /home/jb469/Downloads/emsdk-main/upstream/emscripten/cache/sysroot/include/c++/v1 -internal-isystem /home/jb469/Downloads/emsdk-main/upstream/lib/clang/22/include -internal-isystem /home/jb469/Downloads/emsdk-main/upstream/emscripten/cache/sysroot/include/wasm32-emscripten -internal-isystem /home/jb469/Downloads/emsdk-main/upstream/emscripten/cache/sysroot/include -fdeprecated-macro -ferror-limit 19 -fgnuc-version=4.2.1 -fskip-odr-check-in-gmf -fcxx-exceptions -fignore-exceptions -fexceptions -iwithsysroot/include/fakesdl -iwithsysroot/include/compat -mllvm -combiner-global-alias-analysis=false -mllvm -enable-emscripten-sjlj -mllvm -disable-lsr -o CMakeFiles/cmTC_15016.dir/CMakeCXXCompilerABI.cpp.o -x c++ /usr/share/cmake-3.22/Modules/CMakeCXXCompilerABI.cpp]
  ignore line: [clang -cc1 version 22.0.0git based upon LLVM 22.0.0git default target x86_64-unknown-linux-gnu]
  ignore line: [ignoring nonexistent directory "/home/jb469/Downloads/emsdk-main/upstream/emscripten/cache/sysroot/include/wasm32-emscripten/c++/v1"]
  ignore line: [ignoring nonexistent directory "/home/jb469/Downloads/emsdk-main/upstream/emscripten/cache/sysroot/include/wasm32-emscripten"]
  ignore line: [#include "..." search starts here:]
  ignore line: [#include <...> search starts here:]
  ignore line: [ /home/jb469/Downloads/emsdk-main/upstream/emscripten/cache/sysroot/include/fakesdl]
  ignore line: [ /home/jb469/Downloads/emsdk-main/upstream/emscripten/cache/sysroot/include/compat]
  ignore line: [ /home/jb469/Downloads/emsdk-main/upstream/emscripten/cache/sysroot/include/c++/v1]
  ignore line: [ /home/jb469/Downloads/emsdk-main/upstream/lib/clang/22/include]
  ignore line: [ /home/jb469/Downloads/emsdk-main/upstream/emscripten/cache/sysroot/include]
  ignore line: [End of search list.]
  ignore line: [Linking CXX executable cmTC_15016]
  ignore line: [/usr/bin/cmake -E cmake_link_script CMakeFiles/cmTC_15016.dir/link.txt --verbose=1]
  ignore line: [/home/jb469/Downloads/emsdk-main/upstream/emscripten/em++  -v CMakeFiles/cmTC_15016.dir/CMakeCXXCompilerABI.cpp.o -o cmTC_15016 ]
  ignore line: [ /home/jb469/Downloads/emsdk-main/upstream/bin/clang --version]
  ignore line: [clang: warning: future releases of the clang compiler will prefer GCC installations containing libstdc++ include directories]
  ignore line: [ '/usr/lib/gcc/x86_64-linux-gnu/11' would be chosen over '/usr/lib/gcc/x86_64-linux-gnu/12' [-Wgcc-install-dir-libstdcxx]]
  link line: [ /home/jb469/Downloads/emsdk-main/upstream/bin/wasm-ld -o cmTC_15016.wasm CMakeFiles/cmTC_15016.dir/CMakeCXXCompilerABI.cpp.o -L/home/jb469/Downloads/emsdk-main/upstream/emscripten/cache/sysroot/lib/wasm32-emscripten -L/home/jb469/Downloads/emsdk-main/upstream/emscripten/src/lib -lGL-getprocaddr -lal -lhtml5 -lstubs-debug -lnoexit -lc-debug -ldlmalloc-debug -lcompiler_rt -lc++-debug-noexcept -lc++abi-debug-noexcept -lsockets -mllvm -combiner-global-alias-analysis=false -mllvm -enable-emscripten-sjlj -mllvm -disable-lsr /tmp/tmpow3kw7colibemscripten_js_symbols.so --strip-debug --export=emscripten_stack_get_end --export=emscripten_stack_get_free --export=emscripten_stack_get_base --export=emscripten_stack_get_current --export=emscripten_stack_init --export=_emscripten_stack_alloc --export=__wasm_call_ctors --export=_emscripten_stack_restore --export-if-defined=__start_em_asm --export-if-defined=__stop_em_asm --export-if-defined=__start_em_lib_deps --export-if-defined=__stop_em_lib_deps --export-if-defined=__start_em_js --export-if-defined=__stop_em_js --export-if-defined=main --export-if-defined=__main_argc_argv --export-if-defined=fflush --export-table -z stack-size=65536 --no-growable-memory --initial-heap=16777216 --no-entry --stack-first --table-base=1]
    arg [/home/jb469/Downloads/emsdk-main/upstream/bin/wasm-ld] ==> ignore
    arg [-o] ==> ignore
    arg [cmTC_15016.wasm] ==> ignore
    arg [CMakeFiles/cmTC_15016.dir/CMakeCXXCompilerABI.cpp.o] ==> ignore
    arg [-L/home/jb469/Downloads/emsdk-main/upstream/emscripten/cache/sysroot/lib/wasm32-emscripten] ==> dir [/home/jb469/Downloads/emsdk-main/upstream/emscripten/cache/sysroot/lib/wasm32-emscripten]
    arg [-L/home/jb469/Downloads/emsdk-main/upstream/emscripten/src/lib] ==> dir [/home/jb469/Downloads/emsdk-main/upstream/emscripten/src/lib]
    arg [-lGL-getprocaddr] ==> lib [GL-getprocaddr]
    arg [-lal] ==> lib [al]
    arg [-lhtml5] ==> lib [html5]
    arg [-lstubs-debug] ==> lib [stubs-debug]
    arg [-lnoexit] ==> lib [noexit]
    arg [-lc-debug] ==> lib [c-debug]
    arg [-ldlmalloc-debug] ==> lib [dlmalloc-debug]
    arg [-lcompiler_rt] ==> lib [compiler_rt]
    arg [-lc++-debug-noexcept] ==> lib [c++-debug-noexcept]
    arg [-lc++abi-debug-noexcept] ==> lib [c++abi-debug-noexcept]
    arg [-lsockets] ==> lib [sockets]
    arg [-mllvm] ==> ignore
    arg [-combiner-global-alias-analysis=false] ==> ignore
    arg [-mllvm] ==> ignore
    arg [-enable-emscripten-sjlj] ==> ignore
    arg [-mllvm] ==> ignore
    arg [-disable-lsr] ==> ignore
    arg [/tmp/tmpow3kw7colibemscripten_js_symbols.so] ==> ignore
    arg [--strip-debug] ==> ignore
    arg [--export=emscripten_stack_get_end] ==> ignore
    arg [--export=emscripten_stack_get_free] ==> ignore
    arg [--export=emscripten_stack_get_base] ==> ignore
    arg [--export=emscripten_stack_get_current] ==> ignore
    arg [--export=emscripten_stack_init] ==> ignore
    arg [--export=_emscripten_stack_alloc] ==> ignore
    arg [--export=__wasm_call_ctors] ==> ignore
    arg [--export=_emscripten_stack_restore] ==> ignore
    arg [--export-if-defined=__start_em_asm] ==> ignore
    arg [--export-if-defined=__stop_em_asm] ==> ignore
    arg [--export-if-defined=__start_em_lib_deps] ==> ignore
    arg [--export-if-defined=__stop_em_lib_deps] ==> ignore
    arg [--export-if-defined=__start_em_js] ==> ignore
    arg [--export-if-defined=__stop_em_js] ==> ignore
    arg [--export-if-defined=main] ==> ignore
    arg [--export-if-defined=__main_argc_argv] ==> ignore
    arg [--export-if-defined=fflush] ==> ignore
    arg [--export-table] ==> ignore
    arg [-zstack-size=65536] ==> ignore
    arg [--no-growable-memory] ==> ignore
    arg [--initial-heap=16777216] ==> ignore
    arg [--no-entry] ==> ignore
    arg [--stack-first] ==> ignore
    arg [--table-base=1] ==> ignore
  collapse library dir [/home/jb469/Downloads/emsdk-main/upstream/emscripten/cache/sysroot/lib/wasm32-emscripten] ==> [/home/jb469/Downloads/emsdk-main/upstream/emscripten/cache/sysroot/lib/wasm32-emscripten]
  collapse library dir [/home/jb469/Downloads/emsdk-main/upstream/emscripten/src/lib] ==> [/home/jb469/Downloads/emsdk-main/upstream/emscripten/src/lib]
  implicit libs: [GL-getprocaddr;al;html5;stubs-debug;noexit;c-debug;dlmalloc-debug;compiler_rt;c++-debug-noexcept;c++abi-debug-noexcept;sockets]
  implicit objs: []
  implicit dirs: [/home/jb469/Downloads/emsdk-main/upstream/emscripten/cache/sysroot/lib/wasm32-emscripten;/home/jb469/Downloads/emsdk-main/upstream/emscripten/src/lib]
  implicit fwks: []


